build/app/outputs/mapping/release/seeds.txt
FlutterGuide.from.debuglabs.MainActivity: MainActivity()
FlutterGuide.from.debuglabs.MainActivity
...
io.flutter.embedding.android.FlutterImageView$SurfaceKind: io.flutter.embedding.android.FlutterImageView$SurfaceKind[] values()
io.flutter.plugin.platform.SingleViewPresentation: android.widget.FrameLayout container
android.support.v4.app.RemoteActionCompatParcelizer
io.flutter.embedding.android.FlutterActivity: FlutterActivity()
io.flutter.embedding.engine.FlutterJNI: boolean nativeGetIsSoftwareRenderingEnabled()
io.flutter.plugin.editing.TextInputPlugin$InputTarget$Type: io.flutter.plugin.editing.TextInputPlugin$InputTarget$Type valueOf(java.lang.String)
io.flutter.embedding.engine.FlutterJNI: void setAccessibilityFeatures(int)
org.chromium.support_lib_boundary.WebViewClientBoundaryInterface: void onSafeBrowsingHit(android.webkit.WebView,android.webkit.WebResourceRequest,int,java.lang.reflect.InvocationHandler)
io.flutter.embedding.engine.FlutterJNI: void setRefreshRateFPS(float)
io.flutter.embedding.engine.FlutterJNI: void onDisplayPlatformView(int,int,int,int,int,int,int,io.flutter.embedding.engine.mutatorsstack.FlutterMutatorsStack)
io.flutter.plugin.platform.SingleViewPresentation: io.flutter.plugin.platform.PlatformViewFactory viewFactory
io.flutter.embedding.engine.FlutterJNI: void setAsyncWaitForVsyncDelegate(io.flutter.embedding.engine.FlutterJNI$AsyncWaitForVsyncDelegate)
androidx.activity.ComponentActivity$2
io.flutter.plugin.editing.ImeSyncDeferringInsetsCallback$AnimationCallback: void onPrepare(android.view.WindowInsetsAnimation)
io.flutter.embedding.engine.renderer.SurfaceTextureWrapper
org.chromium.support_lib_boundary.ServiceWorkerClientBoundaryInterface
io.flutter.embedding.engine.FlutterJNI: void nativeDispatchEmptyPlatformMessage(long,java.lang.String,int)
androidx.multidex.MultiDexApplication: MultiDexApplication()
org.chromium.support_lib_boundary.WebViewClientBoundaryInterface: boolean shouldOverrideUrlLoading(android.webkit.WebView,android.webkit.WebResourceRequest)
androidx.core.graphics.drawable.IconCompatParcelizer: IconCompatParcelizer()
io.flutter.embedding.engine.FlutterJNI: void nativeRegisterTexture(long,long,io.flutter.embedding.engine.renderer.SurfaceTextureWrapper)
org.chromium.support_lib_boundary.WebSettingsBoundaryInterface
org.chromium.support_lib_boundary.WebMessageBoundaryInterface: java.lang.reflect.InvocationHandler[] getPorts()
io.flutter.plugin.editing.ImeSyncDeferringInsetsCallback: io.flutter.plugin.editing.ImeSyncDeferringInsetsCallback$InsetsListener insetsListener
org.chromium.support_lib_boundary.WebkitToCompatConverterBoundaryInterface: java.lang.Object convertSafeBrowsingResponse(java.lang.reflect.InvocationHandler)
org.chromium.support_lib_boundary.VisualStateCallbackBoundaryInterface: void onComplete(long)
io.flutter.embedding.engine.FlutterJNI: void nativeSetViewportMetrics(long,float,int,int,int,int,int,int,int,int,int,int,int,int,int,int)
io.flutter.view.AccessibilityViewEmbedder: boolean onAccessibilityHoverEvent(int,android.view.MotionEvent)
org.chromium.support_lib_boundary.WebViewClientBoundaryInterface: void onPageCommitVisible(android.webkit.WebView,java.lang.String)
androidx.savedstate.SavedStateRegistry$1
io.flutter.plugin.platform.SingleViewPresentation: io.flutter.plugin.platform.SingleViewPresentation$AccessibilityDelegatingFrameLayout rootView
androidx.lifecycle.Lifecycle$Event: androidx.lifecycle.Lifecycle$Event ON_PAUSE
org.chromium.support_lib_boundary.WebkitToCompatConverterBoundaryInterface: java.lang.reflect.InvocationHandler convertWebMessagePort(java.lang.Object)
io.flutter.embedding.android.DrawableSplashScreen$DrawableSplashScreenView
org.chromium.support_lib_boundary.ServiceWorkerWebSettingsBoundaryInterface: int getCacheMode()
io.flutter.embedding.engine.FlutterJNI: void updateCustomAccessibilityActions(java.nio.ByteBuffer,java.lang.String[])
org.chromium.support_lib_boundary.TracingControllerBoundaryInterface: boolean stop(java.io.OutputStream,java.util.concurrent.Executor)